2025-07-10 11:38:40,720 - extrato_app.CoreData.batch_runner - INFO - BatchRunner inicializado com 15 CIAs disponíveis
2025-07-10 11:38:40,722 - extrato_app.CoreData.batch_runner - INFO - Iniciando processamento para 1 CIAs e competência 01-2025
2025-07-10 11:38:40,722 - extrato_app.CoreData.batch_runner - INFO - CIAs selecionadas: ['Bradesco Saude']
2025-07-10 11:38:40,723 - extrato_app.CoreData.batch_runner - INFO - Verificando se já existe geração para as CIAs na competência 01-2025
2025-07-10 11:38:40,725 - extrato_app.CoreData.batch_runner - INFO - Executando query: SELECT 1 FROM cont_prod_bdc_saude WHERE competencia = '01-2025' LIMIT 1;
2025-07-10 11:38:40,733 - extrato_app.CoreData.batch_runner - WARNING -  Já foi gerado Conta Virtual para Bradesco Saude na competência 01-2025
2025-07-10 11:38:40,734 - extrato_app.CoreData.batch_runner - INFO - Todas as CIAs informadas já possuem conta virtual gerada para essa competência. Encerrando execução.
2025-07-10 11:38:40,736 - extrato_app.CoreData.batch_runner - INFO - Log de execuções puladas salvo em: conta_virtual_012025.txt
2025-07-10 11:38:40,736 - extrato_app.CoreData.batch_runner - INFO - Iniciando geração de resumo final para competência 01-2025
2025-07-10 11:38:40,739 - extrato_app.CoreData.batch_runner - INFO - Verificando se já existe geração para as CIAs na competência 01-2025
2025-07-10 11:38:40,743 - extrato_app.CoreData.batch_runner - INFO - Executando query: SELECT 1 FROM cont_prod_bdc_saude WHERE competencia = '01-2025' LIMIT 1;
2025-07-10 11:38:40,746 - extrato_app.CoreData.batch_runner - WARNING -  Já foi gerado Conta Virtual para Bradesco Saude na competência 01-2025
2025-07-10 11:38:40,747 - extrato_app.CoreData.batch_runner - INFO - Consultando resumo para 1 CIAs (solicitadas + geradas anteriormente)
2025-07-10 11:38:43,792 - django.request - WARNING - Not Found: /media/inconsistencias_conta_virtual_012025.txt
2025-07-10 11:40:04,600 - django.utils.autoreload - INFO - C:\Users\bruno.cassio\Documents\GitHub\extrado_based\extrato_app\extrato_app\urls.py changed, reloading.
2025-07-10 11:44:21,330 - extrato_app.CoreData.batch_runner - INFO - BatchRunner inicializado com 15 CIAs disponíveis
2025-07-10 11:44:21,332 - extrato_app.CoreData.batch_runner - INFO - Iniciando processamento para 1 CIAs e competência 01-2025
2025-07-10 11:44:21,332 - extrato_app.CoreData.batch_runner - INFO - CIAs selecionadas: ['Bradesco Saude']
2025-07-10 11:44:21,333 - extrato_app.CoreData.batch_runner - INFO - Verificando se já existe geração para as CIAs na competência 01-2025
2025-07-10 11:44:21,337 - extrato_app.CoreData.batch_runner - INFO - Executando query: SELECT 1 FROM cont_prod_bdc_saude WHERE competencia = '01-2025' LIMIT 1;
2025-07-10 11:44:21,343 - extrato_app.CoreData.batch_runner - WARNING -  Já foi gerado Conta Virtual para Bradesco Saude na competência 01-2025
2025-07-10 11:44:21,345 - extrato_app.CoreData.batch_runner - INFO - Todas as CIAs informadas já possuem conta virtual gerada para essa competência. Encerrando execução.
2025-07-10 11:44:21,346 - extrato_app.CoreData.batch_runner - INFO - Log de execuções puladas salvo em: conta_virtual_012025.txt
2025-07-10 11:44:21,346 - extrato_app.CoreData.batch_runner - INFO - Iniciando geração de resumo final para competência 01-2025
2025-07-10 11:44:21,348 - extrato_app.CoreData.batch_runner - INFO - Verificando se já existe geração para as CIAs na competência 01-2025
2025-07-10 11:44:21,352 - extrato_app.CoreData.batch_runner - INFO - Executando query: SELECT 1 FROM cont_prod_bdc_saude WHERE competencia = '01-2025' LIMIT 1;
2025-07-10 11:44:21,355 - extrato_app.CoreData.batch_runner - WARNING -  Já foi gerado Conta Virtual para Bradesco Saude na competência 01-2025
2025-07-10 11:44:21,356 - extrato_app.CoreData.batch_runner - INFO - Consultando resumo para 1 CIAs (solicitadas + geradas anteriormente)
2025-07-10 11:44:24,397 - django.request - WARNING - Not Found: /media/inconsistencias_conta_virtual_012025.txt
2025-07-10 11:44:54,287 - django.request - WARNING - Not Found: /.well-known/appspecific/com.chrome.devtools.json
2025-07-10 11:45:04,440 - django.request - WARNING - Not Found: /.well-known/appspecific/com.chrome.devtools.json
2025-07-10 11:45:12,194 - extrato_app.CoreData.batch_runner - INFO - BatchRunner inicializado com 15 CIAs disponíveis
2025-07-10 11:45:12,194 - extrato_app.CoreData.batch_runner - INFO - Iniciando processamento para 1 CIAs e competência 01-2025
2025-07-10 11:45:12,194 - extrato_app.CoreData.batch_runner - INFO - CIAs selecionadas: ['Bradesco Saude']
2025-07-10 11:45:12,194 - extrato_app.CoreData.batch_runner - INFO - Verificando se já existe geração para as CIAs na competência 01-2025
2025-07-10 11:45:12,197 - extrato_app.CoreData.batch_runner - INFO - Executando query: SELECT 1 FROM cont_prod_bdc_saude WHERE competencia = '01-2025' LIMIT 1;
2025-07-10 11:45:12,200 - extrato_app.CoreData.batch_runner - WARNING -  Já foi gerado Conta Virtual para Bradesco Saude na competência 01-2025
2025-07-10 11:45:12,201 - extrato_app.CoreData.batch_runner - INFO - Todas as CIAs informadas já possuem conta virtual gerada para essa competência. Encerrando execução.
2025-07-10 11:45:12,203 - extrato_app.CoreData.batch_runner - INFO - Log de execuções puladas salvo em: conta_virtual_012025.txt
2025-07-10 11:45:12,204 - extrato_app.CoreData.batch_runner - INFO - Iniciando geração de resumo final para competência 01-2025
2025-07-10 11:45:12,206 - extrato_app.CoreData.batch_runner - INFO - Verificando se já existe geração para as CIAs na competência 01-2025
2025-07-10 11:45:12,209 - extrato_app.CoreData.batch_runner - INFO - Executando query: SELECT 1 FROM cont_prod_bdc_saude WHERE competencia = '01-2025' LIMIT 1;
2025-07-10 11:45:12,211 - extrato_app.CoreData.batch_runner - WARNING -  Já foi gerado Conta Virtual para Bradesco Saude na competência 01-2025
2025-07-10 11:45:12,212 - extrato_app.CoreData.batch_runner - INFO - Consultando resumo para 1 CIAs (solicitadas + geradas anteriormente)
2025-07-10 11:45:33,883 - extrato_app.CoreData.batch_runner - INFO - BatchRunner inicializado com 15 CIAs disponíveis
2025-07-10 11:45:33,884 - extrato_app.CoreData.batch_runner - INFO - Iniciando processamento para 1 CIAs e competência 01-2025
2025-07-10 11:45:33,884 - extrato_app.CoreData.batch_runner - INFO - CIAs selecionadas: ['Bradesco Saude']
2025-07-10 11:45:33,884 - extrato_app.CoreData.batch_runner - INFO - Verificando se já existe geração para as CIAs na competência 01-2025
2025-07-10 11:45:33,887 - extrato_app.CoreData.batch_runner - INFO - Executando query: SELECT 1 FROM cont_prod_bdc_saude WHERE competencia = '01-2025' LIMIT 1;
2025-07-10 11:45:33,889 - extrato_app.CoreData.batch_runner - WARNING -  Já foi gerado Conta Virtual para Bradesco Saude na competência 01-2025
2025-07-10 11:45:33,891 - extrato_app.CoreData.batch_runner - INFO - Todas as CIAs informadas já possuem conta virtual gerada para essa competência. Encerrando execução.
2025-07-10 11:45:33,893 - extrato_app.CoreData.batch_runner - INFO - Log de execuções puladas salvo em: conta_virtual_012025.txt
2025-07-10 11:45:33,893 - extrato_app.CoreData.batch_runner - INFO - Iniciando geração de resumo final para competência 01-2025
2025-07-10 11:45:33,895 - extrato_app.CoreData.batch_runner - INFO - Verificando se já existe geração para as CIAs na competência 01-2025
2025-07-10 11:45:33,897 - extrato_app.CoreData.batch_runner - INFO - Executando query: SELECT 1 FROM cont_prod_bdc_saude WHERE competencia = '01-2025' LIMIT 1;
2025-07-10 11:45:33,900 - extrato_app.CoreData.batch_runner - WARNING -  Já foi gerado Conta Virtual para Bradesco Saude na competência 01-2025
2025-07-10 11:45:33,901 - extrato_app.CoreData.batch_runner - INFO - Consultando resumo para 1 CIAs (solicitadas + geradas anteriormente)
2025-07-10 11:46:11,361 - extrato_app.CoreData.batch_runner - INFO - BatchRunner inicializado com 15 CIAs disponíveis
2025-07-10 11:46:11,361 - extrato_app.CoreData.batch_runner - INFO - Iniciando processamento para 2 CIAs e competência 01-2025
2025-07-10 11:46:11,362 - extrato_app.CoreData.batch_runner - INFO - CIAs selecionadas: ['Bradesco', 'Bradesco Saude']
2025-07-10 11:46:11,363 - extrato_app.CoreData.batch_runner - INFO - Verificando se já existe geração para as CIAs na competência 01-2025
2025-07-10 11:46:11,365 - extrato_app.CoreData.batch_runner - INFO - Executando query: SELECT 1 FROM cont_prod_bare WHERE competencia = '01-2025' LIMIT 1;
2025-07-10 11:46:11,371 - extrato_app.CoreData.batch_runner - WARNING -  Já foi gerado Conta Virtual para Bradesco na competência 01-2025
2025-07-10 11:46:11,371 - extrato_app.CoreData.batch_runner - INFO - Executando query: SELECT 1 FROM cont_prod_bdc_saude WHERE competencia = '01-2025' LIMIT 1;
2025-07-10 11:46:11,372 - extrato_app.CoreData.batch_runner - WARNING -  Já foi gerado Conta Virtual para Bradesco Saude na competência 01-2025
2025-07-10 11:46:11,374 - extrato_app.CoreData.batch_runner - INFO - Todas as CIAs informadas já possuem conta virtual gerada para essa competência. Encerrando execução.
2025-07-10 11:46:11,374 - extrato_app.CoreData.batch_runner - INFO - Log de execuções puladas salvo em: conta_virtual_012025.txt
2025-07-10 11:46:11,375 - extrato_app.CoreData.batch_runner - INFO - Iniciando geração de resumo final para competência 01-2025
2025-07-10 11:46:11,376 - extrato_app.CoreData.batch_runner - INFO - Verificando se já existe geração para as CIAs na competência 01-2025
2025-07-10 11:46:11,379 - extrato_app.CoreData.batch_runner - INFO - Executando query: SELECT 1 FROM cont_prod_bare WHERE competencia = '01-2025' LIMIT 1;
2025-07-10 11:46:11,381 - extrato_app.CoreData.batch_runner - WARNING -  Já foi gerado Conta Virtual para Bradesco na competência 01-2025
2025-07-10 11:46:11,382 - extrato_app.CoreData.batch_runner - INFO - Executando query: SELECT 1 FROM cont_prod_bdc_saude WHERE competencia = '01-2025' LIMIT 1;
2025-07-10 11:46:11,383 - extrato_app.CoreData.batch_runner - WARNING -  Já foi gerado Conta Virtual para Bradesco Saude na competência 01-2025
2025-07-10 11:46:11,385 - extrato_app.CoreData.batch_runner - INFO - Consultando resumo para 2 CIAs (solicitadas + geradas anteriormente)
2025-07-10 11:46:33,009 - extrato_app.CoreData.batch_runner - INFO - BatchRunner inicializado com 15 CIAs disponíveis
2025-07-10 11:46:33,009 - extrato_app.CoreData.batch_runner - INFO - Iniciando processamento para 2 CIAs e competência 01-2025
2025-07-10 11:46:33,010 - extrato_app.CoreData.batch_runner - INFO - CIAs selecionadas: ['Bradesco', 'Bradesco Saude']
2025-07-10 11:46:33,010 - extrato_app.CoreData.batch_runner - INFO - Verificando se já existe geração para as CIAs na competência 01-2025
2025-07-10 11:46:33,012 - extrato_app.CoreData.batch_runner - INFO - Executando query: SELECT 1 FROM cont_prod_bare WHERE competencia = '01-2025' LIMIT 1;
2025-07-10 11:46:33,015 - extrato_app.CoreData.batch_runner - WARNING -  Já foi gerado Conta Virtual para Bradesco na competência 01-2025
2025-07-10 11:46:33,015 - extrato_app.CoreData.batch_runner - INFO - Executando query: SELECT 1 FROM cont_prod_bdc_saude WHERE competencia = '01-2025' LIMIT 1;
2025-07-10 11:46:33,018 - extrato_app.CoreData.batch_runner - INFO -  CIAs que ainda serão processadas: ['Bradesco Saude']
2025-07-10 11:46:33,018 - extrato_app.CoreData.batch_runner - INFO - Processando CIA: Bradesco Saude - 01-2025
2025-07-10 11:46:34,551 - extrato_app.CoreData.batch_runner - INFO - Iniciando geração de resumo final para competência 01-2025
2025-07-10 11:46:34,553 - extrato_app.CoreData.batch_runner - INFO - Verificando se já existe geração para as CIAs na competência 01-2025
2025-07-10 11:46:34,555 - extrato_app.CoreData.batch_runner - INFO - Executando query: SELECT 1 FROM cont_prod_bdc_saude WHERE competencia = '01-2025' LIMIT 1;
2025-07-10 11:46:34,557 - extrato_app.CoreData.batch_runner - WARNING -  Já foi gerado Conta Virtual para Bradesco Saude na competência 01-2025
2025-07-10 11:46:34,558 - extrato_app.CoreData.batch_runner - INFO - Consultando resumo para 1 CIAs (solicitadas + geradas anteriormente)
2025-07-10 11:46:34,598 - extrato_app.CoreData.batch_runner - INFO - Processamento concluído para Bradesco Saude com sucesso
2025-07-10 11:46:34,665 - extrato_app.CoreData.batch_runner - INFO - Processamento concluído em 1.66 segundos
2025-07-10 11:46:34,667 - extrato_app.CoreData.batch_runner - INFO - Iniciando geração de resumo final para competência 01-2025
2025-07-10 11:46:34,670 - extrato_app.CoreData.batch_runner - INFO - Verificando se já existe geração para as CIAs na competência 01-2025
2025-07-10 11:46:34,674 - extrato_app.CoreData.batch_runner - INFO - Executando query: SELECT 1 FROM cont_prod_bare WHERE competencia = '01-2025' LIMIT 1;
2025-07-10 11:46:34,678 - extrato_app.CoreData.batch_runner - WARNING -  Já foi gerado Conta Virtual para Bradesco na competência 01-2025
2025-07-10 11:46:34,678 - extrato_app.CoreData.batch_runner - INFO - Executando query: SELECT 1 FROM cont_prod_bdc_saude WHERE competencia = '01-2025' LIMIT 1;
2025-07-10 11:46:34,680 - extrato_app.CoreData.batch_runner - WARNING -  Já foi gerado Conta Virtual para Bradesco Saude na competência 01-2025
2025-07-10 11:46:34,681 - extrato_app.CoreData.batch_runner - INFO - Consultando resumo para 2 CIAs (solicitadas + geradas anteriormente)
2025-07-10 11:52:14,666 - extrato_app.CoreData.batch_runner - INFO - BatchRunner inicializado com 15 CIAs disponíveis
2025-07-10 11:52:14,666 - extrato_app.CoreData.batch_runner - INFO - Iniciando processamento para 1 CIAs e competência 01-2025
2025-07-10 11:52:14,667 - extrato_app.CoreData.batch_runner - INFO - CIAs selecionadas: ['Bradesco Saude']
2025-07-10 11:52:14,667 - extrato_app.CoreData.batch_runner - INFO - Verificando se já existe geração para as CIAs na competência 01-2025
2025-07-10 11:52:14,670 - extrato_app.CoreData.batch_runner - INFO - Executando query: SELECT 1 FROM cont_prod_bdc_saude WHERE competencia = '01-2025' LIMIT 1;
2025-07-10 11:52:14,675 - extrato_app.CoreData.batch_runner - INFO -  CIAs que ainda serão processadas: ['Bradesco Saude']
2025-07-10 11:52:14,675 - extrato_app.CoreData.batch_runner - INFO - Processando CIA: Bradesco Saude - 01-2025
2025-07-10 11:52:15,725 - extrato_app.CoreData.batch_runner - INFO - Iniciando geração de resumo final para competência 01-2025
2025-07-10 11:52:15,726 - extrato_app.CoreData.batch_runner - INFO - Verificando se já existe geração para as CIAs na competência 01-2025
2025-07-10 11:52:15,727 - extrato_app.CoreData.batch_runner - INFO - Executando query: SELECT 1 FROM cont_prod_bdc_saude WHERE competencia = '01-2025' LIMIT 1;
2025-07-10 11:52:15,729 - extrato_app.CoreData.batch_runner - WARNING -  Já foi gerado Conta Virtual para Bradesco Saude na competência 01-2025
2025-07-10 11:52:15,731 - extrato_app.CoreData.batch_runner - INFO - Consultando resumo para 1 CIAs (solicitadas + geradas anteriormente)
2025-07-10 11:52:15,770 - extrato_app.CoreData.batch_runner - INFO - Processamento concluído para Bradesco Saude com sucesso
2025-07-10 11:52:15,827 - extrato_app.CoreData.batch_runner - INFO - Processamento concluído em 1.16 segundos
2025-07-10 11:52:15,829 - extrato_app.CoreData.batch_runner - INFO - Iniciando geração de resumo final para competência 01-2025
2025-07-10 11:52:15,831 - extrato_app.CoreData.batch_runner - INFO - Verificando se já existe geração para as CIAs na competência 01-2025
2025-07-10 11:52:15,834 - extrato_app.CoreData.batch_runner - INFO - Executando query: SELECT 1 FROM cont_prod_bdc_saude WHERE competencia = '01-2025' LIMIT 1;
2025-07-10 11:52:15,836 - extrato_app.CoreData.batch_runner - WARNING -  Já foi gerado Conta Virtual para Bradesco Saude na competência 01-2025
2025-07-10 11:52:15,838 - extrato_app.CoreData.batch_runner - INFO - Consultando resumo para 1 CIAs (solicitadas + geradas anteriormente)
2025-07-10 11:53:26,292 - django.utils.autoreload - INFO - C:\Users\bruno.cassio\Documents\GitHub\extrado_based\extrato_app\extrato_app\views.py changed, reloading.
2025-07-10 11:53:42,273 - django.utils.autoreload - INFO - C:\Users\bruno.cassio\Documents\GitHub\extrado_based\extrato_app\extrato_app\views.py changed, reloading.
